Found SSAstmt def_id: DefId(0:3 ~ test1[7f36]::SSAstmt)
Found ESSAstmt def_id: DefId(0:5 ~ test1[7f36]::ESSAstmt)
SSATransformer:
cfg: {bb5: [bb6], bb0: [bb1], bb1: [bb2, bb9], bb3: [bb4, bb7], bb7: [bb8], bb4: [bb5], bb8: [bb1], bb2: [bb3], bb6: [bb3]}
dominators: Dominators { kind: General(Inner { post_order_rank: [9, 8, 7, 6, 5, 4, 3, 2, 1, 0], immediate_dominators: [None, Some(bb0), Some(bb1), Some(bb2), Some(bb3), Some(bb4), Some(bb5), Some(bb3), Some(bb7), Some(bb1)], time: [Time { start: 1, finish: 10 }, Time { start: 2, finish: 10 }, Time { start: 4, finish: 10 }, Time { start: 5, finish: 10 }, Time { start: 8, finish: 10 }, Time { start: 9, finish: 10 }, Time { start: 10, finish: 10 }, Time { start: 6, finish: 7 }, Time { start: 7, finish: 7 }, Time { start: 3, finish: 3 }] }) }
dom_tree: {bb7: [bb8], bb0: [bb1], bb1: [bb2, bb9], bb2: [bb3], bb3: [bb4, bb7], bb5: [bb6], bb4: [bb5]}
df: {bb5: {bb3}, bb7: {bb1}, bb4: {bb3}, bb8: {bb1}, bb9: {}, bb2: {bb1}, bb0: {}, bb1: {bb1}, bb3: {bb1, bb3}, bb6: {bb3}}
local_assign_blocks: {_3: {bb1}, _8: {bb3}, _1: {bb0, bb8}, _7: {bb3}, _5: {bb2, bb6}, _2: {bb1}, _6: {bb3}, _11: {bb7}, _4: {bb2, bb5}, _9: {bb4}, _10: {bb5}}
reaching_def: {}
local_index: 12
local_defination_block: {_8: bb3, _4: bb2, _1: bb0, _5: bb2, _6: bb3, _3: bb1, _9: bb4, _11: bb7, _2: bb1, _10: bb5, _7: bb3}
skipped: {3, 10, 11, 1, 7, 5, 2, 8, 12, 6, 4, 9}
phi_index: {}
phi_statements: {}
essa_statements: {}
====After SSA====
====Building graph====
SwitchIntblockbb1
add_vbm_varnode_14
SwitchIntblockbb3
add_vbm_varnode_17
add_vbm_varnode_16
varnodes{_14: VarNode { v: _14, interval: Range { rtype: Unknown, range: Interval { left: Closed(-2147483648), right: Closed(2147483647) } }, abstract_state: '?' }, _16: VarNode { v: _16, interval: Range { rtype: Unknown, range: Interval { left: Closed(-2147483648), right: Closed(2147483647) } }, abstract_state: '?' }, _17: VarNode { v: _17, interval: Range { rtype: Unknown, range: Interval { left: Closed(-2147483648), right: Closed(2147483647) } }, abstract_state: '?' }}
vbm place: _16. ValueBranchMap { v: _16, bb_true: bb7, bb_false: bb4, itv_t: Symb(SymbInterval { range: Range { rtype: Unknown, range: Interval { left: Closed(-2147483648), right: Closed(2147483647) } }, symbound: _17, predicate: true }), itv_f: Symb(SymbInterval { range: Range { rtype: Unknown, range: Interval { left: Closed(-2147483648), right: Closed(2147483647) } }, symbound: _17, predicate: false }) }
 
vbm place: _17. ValueBranchMap { v: _17, bb_true: bb7, bb_false: bb4, itv_t: Symb(SymbInterval { range: Range { rtype: Unknown, range: Interval { left: Closed(-2147483648), right: Closed(2147483647) } }, symbound: _16, predicate: true }), itv_f: Symb(SymbInterval { range: Range { rtype: Unknown, range: Interval { left: Closed(-2147483648), right: Closed(2147483647) } }, symbound: _16, predicate: false }) }
 
vbm place: _2. ValueBranchMap { v: _14, bb_true: bb9, bb_false: bb2, itv_t: Basic(BasicInterval { range: Range { rtype: Unknown, range: Interval { left: Closed(-2147483648), right: Closed(100) } } }), itv_f: Basic(BasicInterval { range: Range { rtype: Unknown, range: Interval { left: Closed(100), right: Closed(2147483647) } } }) }
 
====build_operations====
use_op_1 = const 0_i32
addsink_in_use_opVarNode { v: _1, interval: Range { rtype: Unknown, range: Interval { left: Closed(-2147483648), right: Closed(2147483647) } }, abstract_state: '?' }

add_constant_op_1 = const 0_i32
ssa_op_12 = SSAstmt
addsink_in_ssa_opVarNode { v: _12, interval: Range { rtype: Unknown, range: Interval { left: Closed(-2147483648), right: Closed(2147483647) } }, abstract_state: '?' }

addvar_in_ssa_op_5

addvar_in_ssa_op_22

ssa_op_13 = SSAstmt
addsink_in_ssa_opVarNode { v: _13, interval: Range { rtype: Unknown, range: Interval { left: Closed(-2147483648), right: Closed(2147483647) } }, abstract_state: '?' }

addvar_in_ssa_op_4

addvar_in_ssa_op_23

ssa_op_14 = SSAstmt
addsink_in_ssa_opVarNode { v: _14, interval: Range { rtype: Unknown, range: Interval { left: Closed(-2147483648), right: Closed(2147483647) } }, abstract_state: '?' }

addvar_in_ssa_op_1

addvar_in_ssa_op_24

use_op_3 = copy _14
addsink_in_use_opVarNode { v: _3, interval: Range { rtype: Unknown, range: Interval { left: Closed(-2147483648), right: Closed(2147483647) } }, abstract_state: '?' }

addvar_in_use_op_14

essa_op_15 = ESSAstmt
addsink_in_essa_opVarNode { v: _15, interval: Range { rtype: Unknown, range: Interval { left: Closed(-2147483648), right: Closed(2147483647) } }, abstract_state: '?' }

addvar_in_essa_op_14

addvar_in_essa_op_14in 

use_op_4 = const 0_i32
addsink_in_use_opVarNode { v: _4, interval: Range { rtype: Unknown, range: Interval { left: Closed(-2147483648), right: Closed(2147483647) } }, abstract_state: '?' }

add_constant_op_4 = const 0_i32
use_op_5 = copy _15
addsink_in_use_opVarNode { v: _5, interval: Range { rtype: Unknown, range: Interval { left: Closed(-2147483648), right: Closed(2147483647) } }, abstract_state: '?' }

addvar_in_use_op_15

ssa_op_16 = SSAstmt
addsink_in_ssa_opVarNode { v: _16, interval: Range { rtype: Unknown, range: Interval { left: Closed(-2147483648), right: Closed(2147483647) } }, abstract_state: '?' }

addvar_in_ssa_op_5

addvar_in_ssa_op_21

ssa_op_17 = SSAstmt
addsink_in_ssa_opVarNode { v: _17, interval: Range { rtype: Unknown, range: Interval { left: Closed(-2147483648), right: Closed(2147483647) } }, abstract_state: '?' }

addvar_in_ssa_op_4

addvar_in_ssa_op_20

use_op_7 = copy _17
addsink_in_use_opVarNode { v: _7, interval: Range { rtype: Unknown, range: Interval { left: Closed(-2147483648), right: Closed(2147483647) } }, abstract_state: '?' }

addvar_in_use_op_17

use_op_8 = copy _16
addsink_in_use_opVarNode { v: _8, interval: Range { rtype: Unknown, range: Interval { left: Closed(-2147483648), right: Closed(2147483647) } }, abstract_state: '?' }

addvar_in_use_op_16

essa_op_18 = ESSAstmt
addsink_in_essa_opVarNode { v: _18, interval: Range { rtype: Unknown, range: Interval { left: Closed(-2147483648), right: Closed(2147483647) } }, abstract_state: '?' }

addvar_in_essa_op_17

essa_op false branchbb4

addvar_in_essa_op_16in 

essa_op_19 = ESSAstmt
addsink_in_essa_opVarNode { v: _19, interval: Range { rtype: Unknown, range: Interval { left: Closed(-2147483648), right: Closed(2147483647) } }, abstract_state: '?' }

addvar_in_essa_op_16

essa_op false branchbb4

addvar_in_essa_op_17in 

binary_op_9 = AddWithOverflow(copy _19, const 1_i32)
addsink_in_binary_opVarNode { v: _9, interval: Range { rtype: Unknown, range: Interval { left: Closed(-2147483648), right: Closed(2147483647) } }, abstract_state: '?' }

addvar_in_binary_op_19

use_op_20 = move _9
addsink_in_use_opVarNode { v: _20, interval: Range { rtype: Unknown, range: Interval { left: Closed(-2147483648), right: Closed(2147483647) } }, abstract_state: '?' }

addvar_in_use_op_9

binary_op_10 = SubWithOverflow(copy _18, const 1_i32)
addsink_in_binary_opVarNode { v: _10, interval: Range { rtype: Unknown, range: Interval { left: Closed(-2147483648), right: Closed(2147483647) } }, abstract_state: '?' }

addvar_in_binary_op_18

use_op_21 = move _10
addsink_in_use_opVarNode { v: _21, interval: Range { rtype: Unknown, range: Interval { left: Closed(-2147483648), right: Closed(2147483647) } }, abstract_state: '?' }

addvar_in_use_op_10

essa_op_22 = ESSAstmt
addsink_in_essa_opVarNode { v: _22, interval: Range { rtype: Unknown, range: Interval { left: Closed(-2147483648), right: Closed(2147483647) } }, abstract_state: '?' }

addvar_in_essa_op_17

essa_op true branchbb7

addvar_in_essa_op_16in 

essa_op_23 = ESSAstmt
addsink_in_essa_opVarNode { v: _23, interval: Range { rtype: Unknown, range: Interval { left: Closed(-2147483648), right: Closed(2147483647) } }, abstract_state: '?' }

addvar_in_essa_op_16

essa_op true branchbb7

addvar_in_essa_op_17in 

binary_op_11 = AddWithOverflow(copy _15, const 1_i32)
addsink_in_binary_opVarNode { v: _11, interval: Range { rtype: Unknown, range: Interval { left: Closed(-2147483648), right: Closed(2147483647) } }, abstract_state: '?' }

addvar_in_binary_op_15

use_op_24 = move _11
addsink_in_use_opVarNode { v: _24, interval: Range { rtype: Unknown, range: Interval { left: Closed(-2147483648), right: Closed(2147483647) } }, abstract_state: '?' }

addvar_in_use_op_11

essa_op_25 = ESSAstmt
addsink_in_essa_opVarNode { v: _25, interval: Range { rtype: Unknown, range: Interval { left: Closed(-2147483648), right: Closed(2147483647) } }, abstract_state: '?' }

addvar_in_essa_op_14

addvar_in_essa_op_14in 

len 23 varnodes{_5: VarNode { v: _5, interval: Range { rtype: Unknown, range: Interval { left: Closed(-2147483648), right: Closed(2147483647) } }, abstract_state: '?' }, _19: VarNode { v: _19, interval: Range { rtype: Unknown, range: Interval { left: Closed(-2147483648), right: Closed(2147483647) } }, abstract_state: '?' }, _23: VarNode { v: _23, interval: Range { rtype: Unknown, range: Interval { left: Closed(-2147483648), right: Closed(2147483647) } }, abstract_state: '?' }, _18: VarNode { v: _18, interval: Range { rtype: Unknown, range: Interval { left: Closed(-2147483648), right: Closed(2147483647) } }, abstract_state: '?' }, _9: VarNode { v: _9, interval: Range { rtype: Unknown, range: Interval { left: Closed(-2147483648), right: Closed(2147483647) } }, abstract_state: '?' }, _7: VarNode { v: _7, interval: Range { rtype: Unknown, range: Interval { left: Closed(-2147483648), right: Closed(2147483647) } }, abstract_state: '?' }, _11: VarNode { v: _11, interval: Range { rtype: Unknown, range: Interval { left: Closed(-2147483648), right: Closed(2147483647) } }, abstract_state: '?' }, _10: VarNode { v: _10, interval: Range { rtype: Unknown, range: Interval { left: Closed(-2147483648), right: Closed(2147483647) } }, abstract_state: '?' }, _15: VarNode { v: _15, interval: Range { rtype: Unknown, range: Interval { left: Closed(-2147483648), right: Closed(2147483647) } }, abstract_state: '?' }, _14: VarNode { v: _14, interval: Range { rtype: Unknown, range: Interval { left: Closed(-2147483648), right: Closed(2147483647) } }, abstract_state: '?' }, _1: VarNode { v: _1, interval: Range { rtype: Regular, range: Interval { left: Closed(0), right: Closed(0) } }, abstract_state: '?' }, _17: VarNode { v: _17, interval: Range { rtype: Unknown, range: Interval { left: Closed(-2147483648), right: Closed(2147483647) } }, abstract_state: '?' }, _12: VarNode { v: _12, interval: Range { rtype: Unknown, range: Interval { left: Closed(-2147483648), right: Closed(2147483647) } }, abstract_state: '?' }, _25: VarNode { v: _25, interval: Range { rtype: Unknown, range: Interval { left: Closed(-2147483648), right: Closed(2147483647) } }, abstract_state: '?' }, _22: VarNode { v: _22, interval: Range { rtype: Unknown, range: Interval { left: Closed(-2147483648), right: Closed(2147483647) } }, abstract_state: '?' }, _24: VarNode { v: _24, interval: Range { rtype: Unknown, range: Interval { left: Closed(-2147483648), right: Closed(2147483647) } }, abstract_state: '?' }, _20: VarNode { v: _20, interval: Range { rtype: Unknown, range: Interval { left: Closed(-2147483648), right: Closed(2147483647) } }, abstract_state: '?' }, _4: VarNode { v: _4, interval: Range { rtype: Regular, range: Interval { left: Closed(0), right: Closed(0) } }, abstract_state: '?' }, _21: VarNode { v: _21, interval: Range { rtype: Unknown, range: Interval { left: Closed(-2147483648), right: Closed(2147483647) } }, abstract_state: '?' }, _8: VarNode { v: _8, interval: Range { rtype: Unknown, range: Interval { left: Closed(-2147483648), right: Closed(2147483647) } }, abstract_state: '?' }, _13: VarNode { v: _13, interval: Range { rtype: Unknown, range: Interval { left: Closed(-2147483648), right: Closed(2147483647) } }, abstract_state: '?' }, _3: VarNode { v: _3, interval: Range { rtype: Unknown, range: Interval { left: Closed(-2147483648), right: Closed(2147483647) } }, abstract_state: '?' }, _16: VarNode { v: _16, interval: Range { rtype: Unknown, range: Interval { left: Closed(-2147483648), right: Closed(2147483647) } }, abstract_state: '?' }}
len 21 oprs[Phi(PhiOp { intersect: Basic(BasicInterval { range: Range { rtype: Unknown, range: Interval { left: Closed(-2147483648), right: Closed(2147483647) } } }), sink: _12, inst: _12 = SSAstmt, sources: [_5, _22], opcode: 0 }), Phi(PhiOp { intersect: Basic(BasicInterval { range: Range { rtype: Unknown, range: Interval { left: Closed(-2147483648), right: Closed(2147483647) } } }), sink: _13, inst: _13 = SSAstmt, sources: [_4, _23], opcode: 0 }), Phi(PhiOp { intersect: Basic(BasicInterval { range: Range { rtype: Unknown, range: Interval { left: Closed(-2147483648), right: Closed(2147483647) } } }), sink: _14, inst: _14 = SSAstmt, sources: [_1, _24], opcode: 0 }), Use(UseOp { intersect: Basic(BasicInterval { range: Range { rtype: Unknown, range: Interval { left: Closed(-2147483648), right: Closed(2147483647) } } }), sink: _3, inst: _3 = copy _14, source: _14, opcode: 0 }), Essa(EssaOp { intersect: Basic(BasicInterval { range: Range { rtype: Unknown, range: Interval { left: Closed(-2147483648), right: Closed(2147483647) } } }), sink: _15, inst: _15 = ESSAstmt, source: _14, opcode: 0, unresolved: true }), Use(UseOp { intersect: Basic(BasicInterval { range: Range { rtype: Unknown, range: Interval { left: Closed(-2147483648), right: Closed(2147483647) } } }), sink: _5, inst: _5 = copy _15, source: _15, opcode: 0 }), Phi(PhiOp { intersect: Basic(BasicInterval { range: Range { rtype: Unknown, range: Interval { left: Closed(-2147483648), right: Closed(2147483647) } } }), sink: _16, inst: _16 = SSAstmt, sources: [_5, _21], opcode: 0 }), Phi(PhiOp { intersect: Basic(BasicInterval { range: Range { rtype: Unknown, range: Interval { left: Closed(-2147483648), right: Closed(2147483647) } } }), sink: _17, inst: _17 = SSAstmt, sources: [_4, _20], opcode: 0 }), Use(UseOp { intersect: Basic(BasicInterval { range: Range { rtype: Unknown, range: Interval { left: Closed(-2147483648), right: Closed(2147483647) } } }), sink: _7, inst: _7 = copy _17, source: _17, opcode: 0 }), Use(UseOp { intersect: Basic(BasicInterval { range: Range { rtype: Unknown, range: Interval { left: Closed(-2147483648), right: Closed(2147483647) } } }), sink: _8, inst: _8 = copy _16, source: _16, opcode: 0 }), Essa(EssaOp { intersect: Symb(SymbInterval { range: Range { rtype: Unknown, range: Interval { left: Closed(-2147483648), right: Closed(2147483647) } }, symbound: _16, predicate: false }), sink: _18, inst: _18 = ESSAstmt, source: _17, opcode: 0, unresolved: true }), Essa(EssaOp { intersect: Symb(SymbInterval { range: Range { rtype: Unknown, range: Interval { left: Closed(-2147483648), right: Closed(2147483647) } }, symbound: _17, predicate: false }), sink: _19, inst: _19 = ESSAstmt, source: _16, opcode: 0, unresolved: true }), Binary(BinaryOp { intersect: Basic(BasicInterval { range: Range { rtype: Unknown, range: Interval { left: Closed(-2147483648), right: Closed(2147483647) } } }), sink: _9, inst: _9 = AddWithOverflow(copy _19, const 1_i32), source1: Some(_19), source2: None, const_value: Some(1), opcode: 0 }), Use(UseOp { intersect: Basic(BasicInterval { range: Range { rtype: Unknown, range: Interval { left: Closed(-2147483648), right: Closed(2147483647) } } }), sink: _20, inst: _20 = move _9, source: _9, opcode: 0 }), Binary(BinaryOp { intersect: Basic(BasicInterval { range: Range { rtype: Unknown, range: Interval { left: Closed(-2147483648), right: Closed(2147483647) } } }), sink: _10, inst: _10 = SubWithOverflow(copy _18, const 1_i32), source1: Some(_18), source2: None, const_value: Some(1), opcode: 0 }), Use(UseOp { intersect: Basic(BasicInterval { range: Range { rtype: Unknown, range: Interval { left: Closed(-2147483648), right: Closed(2147483647) } } }), sink: _21, inst: _21 = move _10, source: _10, opcode: 0 }), Essa(EssaOp { intersect: Symb(SymbInterval { range: Range { rtype: Unknown, range: Interval { left: Closed(-2147483648), right: Closed(2147483647) } }, symbound: _16, predicate: true }), sink: _22, inst: _22 = ESSAstmt, source: _17, opcode: 0, unresolved: true }), Essa(EssaOp { intersect: Symb(SymbInterval { range: Range { rtype: Unknown, range: Interval { left: Closed(-2147483648), right: Closed(2147483647) } }, symbound: _17, predicate: true }), sink: _23, inst: _23 = ESSAstmt, source: _16, opcode: 0, unresolved: true }), Binary(BinaryOp { intersect: Basic(BasicInterval { range: Range { rtype: Unknown, range: Interval { left: Closed(-2147483648), right: Closed(2147483647) } } }), sink: _11, inst: _11 = AddWithOverflow(copy _15, const 1_i32), source1: Some(_15), source2: None, const_value: Some(1), opcode: 0 }), Use(UseOp { intersect: Basic(BasicInterval { range: Range { rtype: Unknown, range: Interval { left: Closed(-2147483648), right: Closed(2147483647) } } }), sink: _24, inst: _24 = move _11, source: _11, opcode: 0 }), Essa(EssaOp { intersect: Basic(BasicInterval { range: Range { rtype: Unknown, range: Interval { left: Closed(-2147483648), right: Closed(2147483647) } } }), sink: _25, inst: _25 = ESSAstmt, source: _14, opcode: 0, unresolved: true })]
place: _22 def in stmt:"Essa" _22 = ESSAstmt
place: _15 def in stmt:"Essa" _15 = ESSAstmt
place: _23 def in stmt:"Essa" _23 = ESSAstmt
place: _21 def in stmt:"Use" _21 = move _10
place: _17 def in stmt:"Phi" _17 = SSAstmt
place: _16 def in stmt:"Phi" _16 = SSAstmt
place: _3 def in stmt:"Use" _3 = copy _14
place: _25 def in stmt:"Essa" _25 = ESSAstmt
place: _18 def in stmt:"Essa" _18 = ESSAstmt
place: _10 def in stmt:"Binary" _10 = SubWithOverflow(copy _18, const 1_i32)
place: _12 def in stmt:"Phi" _12 = SSAstmt
place: _7 def in stmt:"Use" _7 = copy _17
place: _24 def in stmt:"Use" _24 = move _11
place: _11 def in stmt:"Binary" _11 = AddWithOverflow(copy _15, const 1_i32)
place: _14 def in stmt:"Phi" _14 = SSAstmt
place: _8 def in stmt:"Use" _8 = copy _16
place: _20 def in stmt:"Use" _20 = move _9
place: _19 def in stmt:"Essa" _19 = ESSAstmt
place: _5 def in stmt:"Use" _5 = copy _15
place: _13 def in stmt:"Phi" _13 = SSAstmt
place: _9 def in stmt:"Binary" _9 = AddWithOverflow(copy _19, const 1_i32)
place: _16 use in stmt:"Essa" _22 = ESSAstmt
place: _16 use in stmt:"Use" _8 = copy _16
place: _16 use in stmt:"Essa" _18 = ESSAstmt
place: _18 use in stmt:"Binary" _10 = SubWithOverflow(copy _18, const 1_i32)
place: _23 use in stmt:"Phi" _13 = SSAstmt
place: _20 use in stmt:"Phi" _17 = SSAstmt
place: _19 use in stmt:"Binary" _9 = AddWithOverflow(copy _19, const 1_i32)
place: _24 use in stmt:"Phi" _14 = SSAstmt
place: _15 use in stmt:"Binary" _11 = AddWithOverflow(copy _15, const 1_i32)
place: _15 use in stmt:"Use" _5 = copy _15
place: _14 use in stmt:"Use" _3 = copy _14
place: _14 use in stmt:"Essa" _15 = ESSAstmt
place: _14 use in stmt:"Essa" _25 = ESSAstmt
place: _17 use in stmt:"Use" _7 = copy _17
place: _17 use in stmt:"Essa" _19 = ESSAstmt
place: _17 use in stmt:"Essa" _23 = ESSAstmt
place: _11 use in stmt:"Use" _24 = move _11
place: _10 use in stmt:"Use" _21 = move _10
place: _22 use in stmt:"Phi" _12 = SSAstmt
place: _5 use in stmt:"Phi" _16 = SSAstmt
place: _5 use in stmt:"Phi" _12 = SSAstmt
place: _9 use in stmt:"Use" _20 = move _9
place: _4 use in stmt:"Phi" _13 = SSAstmt
place: _4 use in stmt:"Phi" _17 = SSAstmt
place: _21 use in stmt:"Phi" _16 = SSAstmt
place: _1 use in stmt:"Phi" _14 = SSAstmt
end
====Building graph====
place _5 get name_16
place _16 get name_22
place _22 get name_12
place _16 get name_8
place _16 get name_18
place _18 get name_10
place _10 get name_21
place _21 get name_16
place _5 get name_12
place_5
place _19 get name_9
place _9 get name_20
place _20 get name_17
place _17 get name_7
place _17 get name_19
place _17 get name_23
place _23 get name_13
place_19
place _11 get name_24
place _24 get name_14
place _14 get name_3
place _14 get name_15
place _15 get name_11
place _15 get name_5
place _14 get name_25
place_11
place _1 get name_14
place_1
place _4 get name_13
place _4 get name_17
place_4
components{_25: {_25}, _1: {_1}, _11: {_15, _11, _24, _14}, _12: {_12}, _5: {_5}, _4: {_4}, _22: {_22}, _23: {_23}, _7: {_7}, _19: {_20, _9, _19, _17}, _13: {_13}, _8: {_8}, _3: {_3}, _16: {_21, _18, _10, _16}}
worklist[_12, _22, _8, _16, _5, _7, _13, _23, _19, _3, _25, _11, _1, _4]
dfs{_24: 16, _21: 7, _18: 5, _12: 3, _22: 2, _10: 6, _13: 14, _5: 0, _17: 11, _11: 15, _4: 22, _14: 17, _15: 19, _8: 4, _16: 1, _23: 13, _1: 21, _19: 8, _9: 9, _7: 12, _25: 20, _20: 10, _3: 18}
sym_map insert _16 EssaOp { intersect: Symb(SymbInterval { range: Range { rtype: Unknown, range: Interval { left: Closed(-2147483648), right: Closed(2147483647) } }, symbound: _16, predicate: false }), sink: _18, inst: _18 = ESSAstmt, source: _17, opcode: 0, unresolved: true }

sym_map insert _17 EssaOp { intersect: Symb(SymbInterval { range: Range { rtype: Unknown, range: Interval { left: Closed(-2147483648), right: Closed(2147483647) } }, symbound: _17, predicate: false }), sink: _19, inst: _19 = ESSAstmt, source: _16, opcode: 0, unresolved: true }

sym_map insert _16 EssaOp { intersect: Symb(SymbInterval { range: Range { rtype: Unknown, range: Interval { left: Closed(-2147483648), right: Closed(2147483647) } }, symbound: _16, predicate: true }), sink: _22, inst: _22 = ESSAstmt, source: _17, opcode: 0, unresolved: true }

sym_map insert _17 EssaOp { intersect: Symb(SymbInterval { range: Range { rtype: Unknown, range: Interval { left: Closed(-2147483648), right: Closed(2147483647) } }, symbound: _17, predicate: true }), sink: _23, inst: _23 = ESSAstmt, source: _16, opcode: 0, unresolved: true }

===start component {_25}===
===start component {_1}===
component {_1} set Range { rtype: Regular, range: Interval { left: Closed(-2147483648), right: Closed(2147483647) } } to _14 through_14 = SSAstmt

===start component {_15, _11, _24, _14}===
place: _11 use in stmt:"Binary" _11 = AddWithOverflow(copy _15, const 1_i32)
place: _24 use in stmt:"Use" _24 = move _11
place: _14 use in stmt:"Phi" _14 = SSAstmt
place: _15 use in stmt:"Essa" _15 = ESSAstmt
component {_15, _11, _24, _14} entry_points{_14}  
 WIDEN::_14: Range { rtype: Unknown, range: Interval { left: Closed(-2147483648), right: Closed(2147483647) } } -> Range { rtype: Regular, range: Interval { left: Closed(-2147483648), right: Closed(2147483647) } }
component {_15, _11, _24, _14} set Range { rtype: Regular, range: Interval { left: Closed(-2147483647), right: Closed(2147483647) } } to _11 through_11 = AddWithOverflow(copy _15, const 1_i32)

component {_15, _11, _24, _14} set Range { rtype: Regular, range: Interval { left: Closed(-2147483648), right: Closed(2147483647) } } to _5 through_5 = copy _15

component {_15, _11, _24, _14} set Range { rtype: Regular, range: Interval { left: Closed(-2147483647), right: Closed(2147483647) } } to _24 through_24 = move _11

component {_15, _11, _24, _14} set Range { rtype: Regular, range: Interval { left: Closed(-2147483647), right: Closed(2147483647) } } to _14 through_14 = SSAstmt

component {_15, _11, _24, _14} set Range { rtype: Regular, range: Interval { left: Closed(-2147483647), right: Closed(2147483647) } } to _3 through_3 = copy _14

component {_15, _11, _24, _14} set Range { rtype: Regular, range: Interval { left: Closed(-2147483647), right: Closed(2147483647) } } to _15 through_15 = ESSAstmt

component {_15, _11, _24, _14} set Range { rtype: Regular, range: Interval { left: Closed(-2147483647), right: Closed(2147483647) } } to _25 through_25 = ESSAstmt

===start component {_12}===
===start component {_5}===
component {_5} set Range { rtype: Regular, range: Interval { left: Closed(-2147483648), right: Closed(2147483647) } } to _16 through_16 = SSAstmt

component {_5} set Range { rtype: Regular, range: Interval { left: Closed(-2147483648), right: Closed(2147483647) } } to _12 through_12 = SSAstmt

===start component {_4}===
component {_4} set Range { rtype: Regular, range: Interval { left: Closed(-2147483648), right: Closed(2147483647) } } to _13 through_13 = SSAstmt

component {_4} set Range { rtype: Regular, range: Interval { left: Closed(-2147483648), right: Closed(2147483647) } } to _17 through_17 = SSAstmt

===start component {_22}===
component {_22} set Range { rtype: Regular, range: Interval { left: Closed(-2147483648), right: Closed(2147483647) } } to _12 through_12 = SSAstmt

===start component {_23}===
component {_23} set Range { rtype: Regular, range: Interval { left: Closed(-2147483648), right: Closed(2147483647) } } to _13 through_13 = SSAstmt

===start component {_7}===
===start component {_20, _9, _19, _17}===
place: _17 use in stmt:"Phi" _17 = SSAstmt
place: _20 use in stmt:"Use" _20 = move _9
place: _9 use in stmt:"Binary" _9 = AddWithOverflow(copy _19, const 1_i32)
place: _19 use in stmt:"Essa" _19 = ESSAstmt
component {_20, _9, _19, _17} entry_points{_17}  
 WIDEN::_17: Range { rtype: Unknown, range: Interval { left: Closed(-2147483648), right: Closed(2147483647) } } -> Range { rtype: Regular, range: Interval { left: Closed(-2147483648), right: Closed(2147483647) } }
component {_20, _9, _19, _17} set Range { rtype: Regular, range: Interval { left: Closed(-2147483648), right: Closed(2147483647) } } to _17 through_17 = SSAstmt

component {_20, _9, _19, _17} set Range { rtype: Regular, range: Interval { left: Closed(-2147483648), right: Closed(2147483647) } } to _20 through_20 = move _9

component {_20, _9, _19, _17} set Range { rtype: Regular, range: Interval { left: Closed(-2147483647), right: Closed(2147483647) } } to _9 through_9 = AddWithOverflow(copy _19, const 1_i32)

component {_20, _9, _19, _17} set Range { rtype: Regular, range: Interval { left: Closed(-2147483648), right: Closed(2147483647) } } to _7 through_7 = copy _17

component {_20, _9, _19, _17} set Range { rtype: Regular, range: Interval { left: Closed(-2147483648), right: Closed(2147483647) } } to _19 through_19 = ESSAstmt

component {_20, _9, _19, _17} set Range { rtype: Regular, range: Interval { left: Closed(-2147483648), right: Closed(2147483647) } } to _23 through_23 = ESSAstmt

===start component {_13}===
===start component {_8}===
===start component {_3}===
===start component {_21, _18, _10, _16}===
place: _21 use in stmt:"Use" _21 = move _10
place: _10 use in stmt:"Binary" _10 = SubWithOverflow(copy _18, const 1_i32)
place: _16 use in stmt:"Phi" _16 = SSAstmt
place: _18 use in stmt:"Essa" _18 = ESSAstmt
component {_21, _18, _10, _16} entry_points{_16}  
 WIDEN::_16: Range { rtype: Unknown, range: Interval { left: Closed(-2147483648), right: Closed(2147483647) } } -> Range { rtype: Regular, range: Interval { left: Closed(-2147483648), right: Closed(2147483647) } }
component {_21, _18, _10, _16} set Range { rtype: Regular, range: Interval { left: Closed(-2147483648), right: Closed(2147483647) } } to _16 through_16 = SSAstmt

component {_21, _18, _10, _16} set Range { rtype: Regular, range: Interval { left: Closed(-2147483648), right: Closed(2147483646) } } to _10 through_10 = SubWithOverflow(copy _18, const 1_i32)

component {_21, _18, _10, _16} set Range { rtype: Regular, range: Interval { left: Closed(-2147483648), right: Closed(2147483646) } } to _21 through_21 = move _10

component {_21, _18, _10, _16} set Range { rtype: Regular, range: Interval { left: Closed(-2147483648), right: Closed(2147483647) } } to _22 through_22 = ESSAstmt

component {_21, _18, _10, _16} set Range { rtype: Regular, range: Interval { left: Closed(-2147483648), right: Closed(2147483647) } } to _8 through_8 = copy _16

component {_21, _18, _10, _16} set Range { rtype: Regular, range: Interval { left: Closed(-2147483648), right: Closed(2147483647) } } to _18 through_18 = ESSAstmt

var: _5. Range { rtype: Regular, range: Interval { left: Closed(-2147483648), right: Closed(2147483647) } }
 
var: _19. Range { rtype: Regular, range: Interval { left: Closed(-2147483648), right: Closed(2147483647) } }
 
var: _23. Range { rtype: Regular, range: Interval { left: Closed(-2147483648), right: Closed(2147483647) } }
 
var: _18. Range { rtype: Regular, range: Interval { left: Closed(-2147483648), right: Closed(2147483647) } }
 
var: _9. Range { rtype: Regular, range: Interval { left: Closed(-2147483647), right: Closed(2147483647) } }
 
var: _7. Range { rtype: Regular, range: Interval { left: Closed(-2147483648), right: Closed(2147483647) } }
 
var: _11. Range { rtype: Regular, range: Interval { left: Closed(-2147483647), right: Closed(2147483647) } }
 
var: _10. Range { rtype: Regular, range: Interval { left: Closed(-2147483648), right: Closed(2147483646) } }
 
var: _15. Range { rtype: Regular, range: Interval { left: Closed(-2147483647), right: Closed(2147483647) } }
 
var: _14. Range { rtype: Regular, range: Interval { left: Closed(-2147483647), right: Closed(2147483647) } }
 
var: _1. Range { rtype: Regular, range: Interval { left: Closed(0), right: Closed(0) } }
 
var: _17. Range { rtype: Regular, range: Interval { left: Closed(-2147483648), right: Closed(2147483647) } }
 
var: _12. Range { rtype: Regular, range: Interval { left: Closed(-2147483648), right: Closed(2147483647) } }
 
var: _25. Range { rtype: Regular, range: Interval { left: Closed(-2147483647), right: Closed(2147483647) } }
 
var: _22. Range { rtype: Regular, range: Interval { left: Closed(-2147483648), right: Closed(2147483647) } }
 
var: _24. Range { rtype: Regular, range: Interval { left: Closed(-2147483647), right: Closed(2147483647) } }
 
var: _20. Range { rtype: Regular, range: Interval { left: Closed(-2147483648), right: Closed(2147483647) } }
 
var: _4. Range { rtype: Regular, range: Interval { left: Closed(0), right: Closed(0) } }
 
var: _21. Range { rtype: Regular, range: Interval { left: Closed(-2147483648), right: Closed(2147483646) } }
 
var: _8. Range { rtype: Regular, range: Interval { left: Closed(-2147483648), right: Closed(2147483647) } }
 
var: _13. Range { rtype: Regular, range: Interval { left: Closed(-2147483648), right: Closed(2147483647) } }
 
var: _3. Range { rtype: Regular, range: Interval { left: Closed(-2147483647), right: Closed(2147483647) } }
 
var: _16. Range { rtype: Regular, range: Interval { left: Closed(-2147483648), right: Closed(2147483647) } }
 
